<?xml version="1.0" encoding="UTF-8"?>
<!-- Generated by org.testng.reporters.JUnitReportReporter -->
<testsuite hostname="PRATIK" failures="0" tests="1" name="seleniumFrameWorkExtentReports.extentReports.ExtentReportDemo" time="9.227" errors="0" timestamp="2022-11-30T09:50:46 IST" skipped="0">
  <testcase classname="seleniumFrameWorkExtentReports.extentReports.ExtentReportDemo" name="initialDemo" time="9.227"/>
  <system-out/>
</testsuite> <!-- seleniumFrameWorkExtentReports.extentReports.ExtentReportDemo -->
